Start testing: Oct 26 02:20 MSK
----------------------------------------------------------
1/11 Testing: RV32I_Test.TEST_ADDI
1/11 Test: RV32I_Test.TEST_ADDI
Command: "/home/julia/projects/RV32I-Interpreter/build/test/test" "--gtest_filter=RV32I_Test.TEST_ADDI" "--gtest_also_run_disabled_tests"
Directory: /home/julia/projects/RV32I-Interpreter/build/test
"RV32I_Test.TEST_ADDI" start time: Oct 26 02:20 MSK
Output:
----------------------------------------------------------
Note: Google Test filter = RV32I_Test.TEST_ADDI
[==========] Running 1 test from 1 test suite.
[----------] Global test environment set-up.
[----------] 1 test from RV32I_Test
[ RUN      ] RV32I_Test.TEST_ADDI
[       OK ] RV32I_Test.TEST_ADDI (0 ms)
[----------] 1 test from RV32I_Test (0 ms total)

[----------] Global test environment tear-down
[==========] 1 test from 1 test suite ran. (1 ms total)
[  PASSED  ] 1 test.
<end of output>
Test time =   0.04 sec
----------------------------------------------------------
Test Passed.
"RV32I_Test.TEST_ADDI" end time: Oct 26 02:20 MSK
"RV32I_Test.TEST_ADDI" time elapsed: 00:00:00
----------------------------------------------------------

2/11 Testing: RV32I_Test.TEST_SLLI
2/11 Test: RV32I_Test.TEST_SLLI
Command: "/home/julia/projects/RV32I-Interpreter/build/test/test" "--gtest_filter=RV32I_Test.TEST_SLLI" "--gtest_also_run_disabled_tests"
Directory: /home/julia/projects/RV32I-Interpreter/build/test
"RV32I_Test.TEST_SLLI" start time: Oct 26 02:20 MSK
Output:
----------------------------------------------------------
Note: Google Test filter = RV32I_Test.TEST_SLLI
[==========] Running 1 test from 1 test suite.
[----------] Global test environment set-up.
[----------] 1 test from RV32I_Test
[ RUN      ] RV32I_Test.TEST_SLLI
[       OK ] RV32I_Test.TEST_SLLI (0 ms)
[----------] 1 test from RV32I_Test (0 ms total)

[----------] Global test environment tear-down
[==========] 1 test from 1 test suite ran. (1 ms total)
[  PASSED  ] 1 test.
<end of output>
Test time =   0.03 sec
----------------------------------------------------------
Test Passed.
"RV32I_Test.TEST_SLLI" end time: Oct 26 02:20 MSK
"RV32I_Test.TEST_SLLI" time elapsed: 00:00:00
----------------------------------------------------------

3/11 Testing: RV32I_Test.TEST_SLTI
3/11 Test: RV32I_Test.TEST_SLTI
Command: "/home/julia/projects/RV32I-Interpreter/build/test/test" "--gtest_filter=RV32I_Test.TEST_SLTI" "--gtest_also_run_disabled_tests"
Directory: /home/julia/projects/RV32I-Interpreter/build/test
"RV32I_Test.TEST_SLTI" start time: Oct 26 02:20 MSK
Output:
----------------------------------------------------------
Note: Google Test filter = RV32I_Test.TEST_SLTI
[==========] Running 1 test from 1 test suite.
[----------] Global test environment set-up.
[----------] 1 test from RV32I_Test
[ RUN      ] RV32I_Test.TEST_SLTI
[       OK ] RV32I_Test.TEST_SLTI (0 ms)
[----------] 1 test from RV32I_Test (0 ms total)

[----------] Global test environment tear-down
[==========] 1 test from 1 test suite ran. (1 ms total)
[  PASSED  ] 1 test.
<end of output>
Test time =   0.03 sec
----------------------------------------------------------
Test Passed.
"RV32I_Test.TEST_SLTI" end time: Oct 26 02:20 MSK
"RV32I_Test.TEST_SLTI" time elapsed: 00:00:00
----------------------------------------------------------

4/11 Testing: RV32I_Test.TEST_SLTIU
4/11 Test: RV32I_Test.TEST_SLTIU
Command: "/home/julia/projects/RV32I-Interpreter/build/test/test" "--gtest_filter=RV32I_Test.TEST_SLTIU" "--gtest_also_run_disabled_tests"
Directory: /home/julia/projects/RV32I-Interpreter/build/test
"RV32I_Test.TEST_SLTIU" start time: Oct 26 02:20 MSK
Output:
----------------------------------------------------------
Note: Google Test filter = RV32I_Test.TEST_SLTIU
[==========] Running 1 test from 1 test suite.
[----------] Global test environment set-up.
[----------] 1 test from RV32I_Test
[ RUN      ] RV32I_Test.TEST_SLTIU
[       OK ] RV32I_Test.TEST_SLTIU (0 ms)
[----------] 1 test from RV32I_Test (0 ms total)

[----------] Global test environment tear-down
[==========] 1 test from 1 test suite ran. (1 ms total)
[  PASSED  ] 1 test.
<end of output>
Test time =   0.03 sec
----------------------------------------------------------
Test Passed.
"RV32I_Test.TEST_SLTIU" end time: Oct 26 02:20 MSK
"RV32I_Test.TEST_SLTIU" time elapsed: 00:00:00
----------------------------------------------------------

5/11 Testing: RV32I_Test.TEST_BEQ
5/11 Test: RV32I_Test.TEST_BEQ
Command: "/home/julia/projects/RV32I-Interpreter/build/test/test" "--gtest_filter=RV32I_Test.TEST_BEQ" "--gtest_also_run_disabled_tests"
Directory: /home/julia/projects/RV32I-Interpreter/build/test
"RV32I_Test.TEST_BEQ" start time: Oct 26 02:20 MSK
Output:
----------------------------------------------------------
Note: Google Test filter = RV32I_Test.TEST_BEQ
[==========] Running 1 test from 1 test suite.
[----------] Global test environment set-up.
[----------] 1 test from RV32I_Test
[ RUN      ] RV32I_Test.TEST_BEQ
[       OK ] RV32I_Test.TEST_BEQ (0 ms)
[----------] 1 test from RV32I_Test (0 ms total)

[----------] Global test environment tear-down
[==========] 1 test from 1 test suite ran. (1 ms total)
[  PASSED  ] 1 test.
<end of output>
Test time =   0.03 sec
----------------------------------------------------------
Test Passed.
"RV32I_Test.TEST_BEQ" end time: Oct 26 02:20 MSK
"RV32I_Test.TEST_BEQ" time elapsed: 00:00:00
----------------------------------------------------------

6/11 Testing: RV32I_Test.TEST_JAL
6/11 Test: RV32I_Test.TEST_JAL
Command: "/home/julia/projects/RV32I-Interpreter/build/test/test" "--gtest_filter=RV32I_Test.TEST_JAL" "--gtest_also_run_disabled_tests"
Directory: /home/julia/projects/RV32I-Interpreter/build/test
"RV32I_Test.TEST_JAL" start time: Oct 26 02:20 MSK
Output:
----------------------------------------------------------
Note: Google Test filter = RV32I_Test.TEST_JAL
[==========] Running 1 test from 1 test suite.
[----------] Global test environment set-up.
[----------] 1 test from RV32I_Test
[ RUN      ] RV32I_Test.TEST_JAL
[       OK ] RV32I_Test.TEST_JAL (0 ms)
[----------] 1 test from RV32I_Test (0 ms total)

[----------] Global test environment tear-down
[==========] 1 test from 1 test suite ran. (0 ms total)
[  PASSED  ] 1 test.
<end of output>
Test time =   0.04 sec
----------------------------------------------------------
Test Passed.
"RV32I_Test.TEST_JAL" end time: Oct 26 02:20 MSK
"RV32I_Test.TEST_JAL" time elapsed: 00:00:00
----------------------------------------------------------

7/11 Testing: RV32I_Test.TEST_JALR
7/11 Test: RV32I_Test.TEST_JALR
Command: "/home/julia/projects/RV32I-Interpreter/build/test/test" "--gtest_filter=RV32I_Test.TEST_JALR" "--gtest_also_run_disabled_tests"
Directory: /home/julia/projects/RV32I-Interpreter/build/test
"RV32I_Test.TEST_JALR" start time: Oct 26 02:20 MSK
Output:
----------------------------------------------------------
Note: Google Test filter = RV32I_Test.TEST_JALR
[==========] Running 1 test from 1 test suite.
[----------] Global test environment set-up.
[----------] 1 test from RV32I_Test
[ RUN      ] RV32I_Test.TEST_JALR
[       OK ] RV32I_Test.TEST_JALR (0 ms)
[----------] 1 test from RV32I_Test (0 ms total)

[----------] Global test environment tear-down
[==========] 1 test from 1 test suite ran. (1 ms total)
[  PASSED  ] 1 test.
<end of output>
Test time =   0.03 sec
----------------------------------------------------------
Test Passed.
"RV32I_Test.TEST_JALR" end time: Oct 26 02:20 MSK
"RV32I_Test.TEST_JALR" time elapsed: 00:00:00
----------------------------------------------------------

8/11 Testing: RV32I_Test.TEST_DECODE_IMM
8/11 Test: RV32I_Test.TEST_DECODE_IMM
Command: "/home/julia/projects/RV32I-Interpreter/build/test/test" "--gtest_filter=RV32I_Test.TEST_DECODE_IMM" "--gtest_also_run_disabled_tests"
Directory: /home/julia/projects/RV32I-Interpreter/build/test
"RV32I_Test.TEST_DECODE_IMM" start time: Oct 26 02:20 MSK
Output:
----------------------------------------------------------
Note: Google Test filter = RV32I_Test.TEST_DECODE_IMM
[==========] Running 1 test from 1 test suite.
[----------] Global test environment set-up.
[----------] 1 test from RV32I_Test
[ RUN      ] RV32I_Test.TEST_DECODE_IMM
[       OK ] RV32I_Test.TEST_DECODE_IMM (0 ms)
[----------] 1 test from RV32I_Test (0 ms total)

[----------] Global test environment tear-down
[==========] 1 test from 1 test suite ran. (0 ms total)
[  PASSED  ] 1 test.
<end of output>
Test time =   0.03 sec
----------------------------------------------------------
Test Passed.
"RV32I_Test.TEST_DECODE_IMM" end time: Oct 26 02:20 MSK
"RV32I_Test.TEST_DECODE_IMM" time elapsed: 00:00:00
----------------------------------------------------------

9/11 Testing: RV32I_Test.TEST_DECODE_BRANCH
9/11 Test: RV32I_Test.TEST_DECODE_BRANCH
Command: "/home/julia/projects/RV32I-Interpreter/build/test/test" "--gtest_filter=RV32I_Test.TEST_DECODE_BRANCH" "--gtest_also_run_disabled_tests"
Directory: /home/julia/projects/RV32I-Interpreter/build/test
"RV32I_Test.TEST_DECODE_BRANCH" start time: Oct 26 02:20 MSK
Output:
----------------------------------------------------------
Note: Google Test filter = RV32I_Test.TEST_DECODE_BRANCH
[==========] Running 1 test from 1 test suite.
[----------] Global test environment set-up.
[----------] 1 test from RV32I_Test
[ RUN      ] RV32I_Test.TEST_DECODE_BRANCH
[       OK ] RV32I_Test.TEST_DECODE_BRANCH (0 ms)
[----------] 1 test from RV32I_Test (0 ms total)

[----------] Global test environment tear-down
[==========] 1 test from 1 test suite ran. (0 ms total)
[  PASSED  ] 1 test.
<end of output>
Test time =   0.03 sec
----------------------------------------------------------
Test Passed.
"RV32I_Test.TEST_DECODE_BRANCH" end time: Oct 26 02:20 MSK
"RV32I_Test.TEST_DECODE_BRANCH" time elapsed: 00:00:00
----------------------------------------------------------

10/11 Testing: RV32I_Test.TEST_DECODE_JALR
10/11 Test: RV32I_Test.TEST_DECODE_JALR
Command: "/home/julia/projects/RV32I-Interpreter/build/test/test" "--gtest_filter=RV32I_Test.TEST_DECODE_JALR" "--gtest_also_run_disabled_tests"
Directory: /home/julia/projects/RV32I-Interpreter/build/test
"RV32I_Test.TEST_DECODE_JALR" start time: Oct 26 02:20 MSK
Output:
----------------------------------------------------------
Note: Google Test filter = RV32I_Test.TEST_DECODE_JALR
[==========] Running 1 test from 1 test suite.
[----------] Global test environment set-up.
[----------] 1 test from RV32I_Test
[ RUN      ] RV32I_Test.TEST_DECODE_JALR
[       OK ] RV32I_Test.TEST_DECODE_JALR (0 ms)
[----------] 1 test from RV32I_Test (0 ms total)

[----------] Global test environment tear-down
[==========] 1 test from 1 test suite ran. (1 ms total)
[  PASSED  ] 1 test.
<end of output>
Test time =   0.03 sec
----------------------------------------------------------
Test Passed.
"RV32I_Test.TEST_DECODE_JALR" end time: Oct 26 02:20 MSK
"RV32I_Test.TEST_DECODE_JALR" time elapsed: 00:00:00
----------------------------------------------------------

11/11 Testing: RV32I_Test.TEST_DECODE_JAL
11/11 Test: RV32I_Test.TEST_DECODE_JAL
Command: "/home/julia/projects/RV32I-Interpreter/build/test/test" "--gtest_filter=RV32I_Test.TEST_DECODE_JAL" "--gtest_also_run_disabled_tests"
Directory: /home/julia/projects/RV32I-Interpreter/build/test
"RV32I_Test.TEST_DECODE_JAL" start time: Oct 26 02:20 MSK
Output:
----------------------------------------------------------
Note: Google Test filter = RV32I_Test.TEST_DECODE_JAL
[==========] Running 1 test from 1 test suite.
[----------] Global test environment set-up.
[----------] 1 test from RV32I_Test
[ RUN      ] RV32I_Test.TEST_DECODE_JAL
[       OK ] RV32I_Test.TEST_DECODE_JAL (0 ms)
[----------] 1 test from RV32I_Test (0 ms total)

[----------] Global test environment tear-down
[==========] 1 test from 1 test suite ran. (1 ms total)
[  PASSED  ] 1 test.
<end of output>
Test time =   0.03 sec
----------------------------------------------------------
Test Passed.
"RV32I_Test.TEST_DECODE_JAL" end time: Oct 26 02:20 MSK
"RV32I_Test.TEST_DECODE_JAL" time elapsed: 00:00:00
----------------------------------------------------------

End testing: Oct 26 02:20 MSK
